This is pdfTeX, Version 3.14159265-2.6-1.40.18 (TeX Live 2017/Debian) (preloaded format=pdflatex 2019.8.22)  20 SEP 2019 22:00
entering extended mode
 restricted \write18 enabled.
 %&-line parsing enabled.
**"REX hydromines.tex"
(./REX hydromines.tex
LaTeX2e <2017-04-15>
Babel <3.18> and hyphenation patterns for 84 language(s) loaded.
(/usr/share/texlive/texmf-dist/tex/latex/base/report.cls
Document Class: report 2014/09/29 v1.4h Standard LaTeX document class
(/usr/share/texlive/texmf-dist/tex/latex/base/size11.clo
File: size11.clo 2014/09/29 v1.4h Standard LaTeX file (size option)
)
\c@part=\count79
\c@chapter=\count80
\c@section=\count81
\c@subsection=\count82
\c@subsubsection=\count83
\c@paragraph=\count84
\c@subparagraph=\count85
\c@figure=\count86
\c@table=\count87
\abovecaptionskip=\skip41
\belowcaptionskip=\skip42
\bibindent=\dimen102
)
(/usr/share/texlive/texmf-dist/tex/latex/base/inputenc.sty
Package: inputenc 2015/03/17 v1.2c Input encoding file
\inpenc@prehook=\toks14
\inpenc@posthook=\toks15

(/usr/share/texlive/texmf-dist/tex/latex/base/utf8.def
File: utf8.def 2017/01/28 v1.1t UTF-8 support for inputenc
Now handling font encoding OML ...
... no UTF-8 mapping file for font encoding OML
Now handling font encoding T1 ...
... processing UTF-8 mapping file for font encoding T1

(/usr/share/texlive/texmf-dist/tex/latex/base/t1enc.dfu
File: t1enc.dfu 2017/01/28 v1.1t UTF-8 support for inputenc
   defining Unicode char U+00A0 (decimal 160)
   defining Unicode char U+00A1 (decimal 161)
   defining Unicode char U+00A3 (decimal 163)
   defining Unicode char U+00AB (decimal 171)
   defining Unicode char U+00AD (decimal 173)
   defining Unicode char U+00BB (decimal 187)
   defining Unicode char U+00BF (decimal 191)
   defining Unicode char U+00C0 (decimal 192)
   defining Unicode char U+00C1 (decimal 193)
   defining Unicode char U+00C2 (decimal 194)
   defining Unicode char U+00C3 (decimal 195)
   defining Unicode char U+00C4 (decimal 196)
   defining Unicode char U+00C5 (decimal 197)
   defining Unicode char U+00C6 (decimal 198)
   defining Unicode char U+00C7 (decimal 199)
   defining Unicode char U+00C8 (decimal 200)
   defining Unicode char U+00C9 (decimal 201)
   defining Unicode char U+00CA (decimal 202)
   defining Unicode char U+00CB (decimal 203)
   defining Unicode char U+00CC (decimal 204)
   defining Unicode char U+00CD (decimal 205)
   defining Unicode char U+00CE (decimal 206)
   defining Unicode char U+00CF (decimal 207)
   defining Unicode char U+00D0 (decimal 208)
   defining Unicode char U+00D1 (decimal 209)
   defining Unicode char U+00D2 (decimal 210)
   defining Unicode char U+00D3 (decimal 211)
   defining Unicode char U+00D4 (decimal 212)
   defining Unicode char U+00D5 (decimal 213)
   defining Unicode char U+00D6 (decimal 214)
   defining Unicode char U+00D8 (decimal 216)
   defining Unicode char U+00D9 (decimal 217)
   defining Unicode char U+00DA (decimal 218)
   defining Unicode char U+00DB (decimal 219)
   defining Unicode char U+00DC (decimal 220)
   defining Unicode char U+00DD (decimal 221)
   defining Unicode char U+00DE (decimal 222)
   defining Unicode char U+00DF (decimal 223)
   defining Unicode char U+00E0 (decimal 224)
   defining Unicode char U+00E1 (decimal 225)
   defining Unicode char U+00E2 (decimal 226)
   defining Unicode char U+00E3 (decimal 227)
   defining Unicode char U+00E4 (decimal 228)
   defining Unicode char U+00E5 (decimal 229)
   defining Unicode char U+00E6 (decimal 230)
   defining Unicode char U+00E7 (decimal 231)
   defining Unicode char U+00E8 (decimal 232)
   defining Unicode char U+00E9 (decimal 233)
   defining Unicode char U+00EA (decimal 234)
   defining Unicode char U+00EB (decimal 235)
   defining Unicode char U+00EC (decimal 236)
   defining Unicode char U+00ED (decimal 237)
   defining Unicode char U+00EE (decimal 238)
   defining Unicode char U+00EF (decimal 239)
   defining Unicode char U+00F0 (decimal 240)
   defining Unicode char U+00F1 (decimal 241)
   defining Unicode char U+00F2 (decimal 242)
   defining Unicode char U+00F3 (decimal 243)
   defining Unicode char U+00F4 (decimal 244)
   defining Unicode char U+00F5 (decimal 245)
   defining Unicode char U+00F6 (decimal 246)
   defining Unicode char U+00F8 (decimal 248)
   defining Unicode char U+00F9 (decimal 249)
   defining Unicode char U+00FA (decimal 250)
   defining Unicode char U+00FB (decimal 251)
   defining Unicode char U+00FC (decimal 252)
   defining Unicode char U+00FD (decimal 253)
   defining Unicode char U+00FE (decimal 254)
   defining Unicode char U+00FF (decimal 255)
   defining Unicode char U+0100 (decimal 256)
   defining Unicode char U+0101 (decimal 257)
   defining Unicode char U+0102 (decimal 258)
   defining Unicode char U+0103 (decimal 259)
   defining Unicode char U+0104 (decimal 260)
   defining Unicode char U+0105 (decimal 261)
   defining Unicode char U+0106 (decimal 262)
   defining Unicode char U+0107 (decimal 263)
   defining Unicode char U+0108 (decimal 264)
   defining Unicode char U+0109 (decimal 265)
   defining Unicode char U+010A (decimal 266)
   defining Unicode char U+010B (decimal 267)
   defining Unicode char U+010C (decimal 268)
   defining Unicode char U+010D (decimal 269)
   defining Unicode char U+010E (decimal 270)
   defining Unicode char U+010F (decimal 271)
   defining Unicode char U+0110 (decimal 272)
   defining Unicode char U+0111 (decimal 273)
   defining Unicode char U+0112 (decimal 274)
   defining Unicode char U+0113 (decimal 275)
   defining Unicode char U+0114 (decimal 276)
   defining Unicode char U+0115 (decimal 277)
   defining Unicode char U+0116 (decimal 278)
   defining Unicode char U+0117 (decimal 279)
   defining Unicode char U+0118 (decimal 280)
   defining Unicode char U+0119 (decimal 281)
   defining Unicode char U+011A (decimal 282)
   defining Unicode char U+011B (decimal 283)
   defining Unicode char U+011C (decimal 284)
   defining Unicode char U+011D (decimal 285)
   defining Unicode char U+011E (decimal 286)
   defining Unicode char U+011F (decimal 287)
   defining Unicode char U+0120 (decimal 288)
   defining Unicode char U+0121 (decimal 289)
   defining Unicode char U+0122 (decimal 290)
   defining Unicode char U+0123 (decimal 291)
   defining Unicode char U+0124 (decimal 292)
   defining Unicode char U+0125 (decimal 293)
   defining Unicode char U+0128 (decimal 296)
   defining Unicode char U+0129 (decimal 297)
   defining Unicode char U+012A (decimal 298)
   defining Unicode char U+012B (decimal 299)
   defining Unicode char U+012C (decimal 300)
   defining Unicode char U+012D (decimal 301)
   defining Unicode char U+012E (decimal 302)
   defining Unicode char U+012F (decimal 303)
   defining Unicode char U+0130 (decimal 304)
   defining Unicode char U+0131 (decimal 305)
   defining Unicode char U+0132 (decimal 306)
   defining Unicode char U+0133 (decimal 307)
   defining Unicode char U+0134 (decimal 308)
   defining Unicode char U+0135 (decimal 309)
   defining Unicode char U+0136 (decimal 310)
   defining Unicode char U+0137 (decimal 311)
   defining Unicode char U+0139 (decimal 313)
   defining Unicode char U+013A (decimal 314)
   defining Unicode char U+013B (decimal 315)
   defining Unicode char U+013C (decimal 316)
   defining Unicode char U+013D (decimal 317)
   defining Unicode char U+013E (decimal 318)
   defining Unicode char U+0141 (decimal 321)
   defining Unicode char U+0142 (decimal 322)
   defining Unicode char U+0143 (decimal 323)
   defining Unicode char U+0144 (decimal 324)
   defining Unicode char U+0145 (decimal 325)
   defining Unicode char U+0146 (decimal 326)
   defining Unicode char U+0147 (decimal 327)
   defining Unicode char U+0148 (decimal 328)
   defining Unicode char U+014A (decimal 330)
   defining Unicode char U+014B (decimal 331)
   defining Unicode char U+014C (decimal 332)
   defining Unicode char U+014D (decimal 333)
   defining Unicode char U+014E (decimal 334)
   defining Unicode char U+014F (decimal 335)
   defining Unicode char U+0150 (decimal 336)
   defining Unicode char U+0151 (decimal 337)
   defining Unicode char U+0152 (decimal 338)
   defining Unicode char U+0153 (decimal 339)
   defining Unicode char U+0154 (decimal 340)
   defining Unicode char U+0155 (decimal 341)
   defining Unicode char U+0156 (decimal 342)
   defining Unicode char U+0157 (decimal 343)
   defining Unicode char U+0158 (decimal 344)
   defining Unicode char U+0159 (decimal 345)
   defining Unicode char U+015A (decimal 346)
   defining Unicode char U+015B (decimal 347)
   defining Unicode char U+015C (decimal 348)
   defining Unicode char U+015D (decimal 349)
   defining Unicode char U+015E (decimal 350)
   defining Unicode char U+015F (decimal 351)
   defining Unicode char U+0160 (decimal 352)
   defining Unicode char U+0161 (decimal 353)
   defining Unicode char U+0162 (decimal 354)
   defining Unicode char U+0163 (decimal 355)
   defining Unicode char U+0164 (decimal 356)
   defining Unicode char U+0165 (decimal 357)
   defining Unicode char U+0168 (decimal 360)
   defining Unicode char U+0169 (decimal 361)
   defining Unicode char U+016A (decimal 362)
   defining Unicode char U+016B (decimal 363)
   defining Unicode char U+016C (decimal 364)
   defining Unicode char U+016D (decimal 365)
   defining Unicode char U+016E (decimal 366)
   defining Unicode char U+016F (decimal 367)
   defining Unicode char U+0170 (decimal 368)
   defining Unicode char U+0171 (decimal 369)
   defining Unicode char U+0172 (decimal 370)
   defining Unicode char U+0173 (decimal 371)
   defining Unicode char U+0174 (decimal 372)
   defining Unicode char U+0175 (decimal 373)
   defining Unicode char U+0176 (decimal 374)
   defining Unicode char U+0177 (decimal 375)
   defining Unicode char U+0178 (decimal 376)
   defining Unicode char U+0179 (decimal 377)
   defining Unicode char U+017A (decimal 378)
   defining Unicode char U+017B (decimal 379)
   defining Unicode char U+017C (decimal 380)
   defining Unicode char U+017D (decimal 381)
   defining Unicode char U+017E (decimal 382)
   defining Unicode char U+01CD (decimal 461)
   defining Unicode char U+01CE (decimal 462)
   defining Unicode char U+01CF (decimal 463)
   defining Unicode char U+01D0 (decimal 464)
   defining Unicode char U+01D1 (decimal 465)
   defining Unicode char U+01D2 (decimal 466)
   defining Unicode char U+01D3 (decimal 467)
   defining Unicode char U+01D4 (decimal 468)
   defining Unicode char U+01E2 (decimal 482)
   defining Unicode char U+01E3 (decimal 483)
   defining Unicode char U+01E6 (decimal 486)
   defining Unicode char U+01E7 (decimal 487)
   defining Unicode char U+01E8 (decimal 488)
   defining Unicode char U+01E9 (decimal 489)
   defining Unicode char U+01EA (decimal 490)
   defining Unicode char U+01EB (decimal 491)
   defining Unicode char U+01F0 (decimal 496)
   defining Unicode char U+01F4 (decimal 500)
   defining Unicode char U+01F5 (decimal 501)
   defining Unicode char U+0218 (decimal 536)
   defining Unicode char U+0219 (decimal 537)
   defining Unicode char U+021A (decimal 538)
   defining Unicode char U+021B (decimal 539)
   defining Unicode char U+0232 (decimal 562)
   defining Unicode char U+0233 (decimal 563)
   defining Unicode char U+1E02 (decimal 7682)
   defining Unicode char U+1E03 (decimal 7683)
   defining Unicode char U+200C (decimal 8204)
   defining Unicode char U+2010 (decimal 8208)
   defining Unicode char U+2011 (decimal 8209)
   defining Unicode char U+2012 (decimal 8210)
   defining Unicode char U+2013 (decimal 8211)
   defining Unicode char U+2014 (decimal 8212)
   defining Unicode char U+2015 (decimal 8213)
   defining Unicode char U+2018 (decimal 8216)
   defining Unicode char U+2019 (decimal 8217)
   defining Unicode char U+201A (decimal 8218)
   defining Unicode char U+201C (decimal 8220)
   defining Unicode char U+201D (decimal 8221)
   defining Unicode char U+201E (decimal 8222)
   defining Unicode char U+2030 (decimal 8240)
   defining Unicode char U+2031 (decimal 8241)
   defining Unicode char U+2039 (decimal 8249)
   defining Unicode char U+203A (decimal 8250)
   defining Unicode char U+2423 (decimal 9251)
   defining Unicode char U+1E20 (decimal 7712)
   defining Unicode char U+1E21 (decimal 7713)
)
Now handling font encoding OT1 ...
... processing UTF-8 mapping file for font encoding OT1

(/usr/share/texlive/texmf-dist/tex/latex/base/ot1enc.dfu
File: ot1enc.dfu 2017/01/28 v1.1t UTF-8 support for inputenc
   defining Unicode char U+00A0 (decimal 160)
   defining Unicode char U+00A1 (decimal 161)
   defining Unicode char U+00A3 (decimal 163)
   defining Unicode char U+00AD (decimal 173)
   defining Unicode char U+00B8 (decimal 184)
   defining Unicode char U+00BF (decimal 191)
   defining Unicode char U+00C5 (decimal 197)
   defining Unicode char U+00C6 (decimal 198)
   defining Unicode char U+00D8 (decimal 216)
   defining Unicode char U+00DF (decimal 223)
   defining Unicode char U+00E6 (decimal 230)
   defining Unicode char U+00EC (decimal 236)
   defining Unicode char U+00ED (decimal 237)
   defining Unicode char U+00EE (decimal 238)
   defining Unicode char U+00EF (decimal 239)
   defining Unicode char U+00F8 (decimal 248)
   defining Unicode char U+0131 (decimal 305)
   defining Unicode char U+0141 (decimal 321)
   defining Unicode char U+0142 (decimal 322)
   defining Unicode char U+0152 (decimal 338)
   defining Unicode char U+0153 (decimal 339)
   defining Unicode char U+0174 (decimal 372)
   defining Unicode char U+0175 (decimal 373)
   defining Unicode char U+0176 (decimal 374)
   defining Unicode char U+0177 (decimal 375)
   defining Unicode char U+0218 (decimal 536)
   defining Unicode char U+0219 (decimal 537)
   defining Unicode char U+021A (decimal 538)
   defining Unicode char U+021B (decimal 539)
   defining Unicode char U+2013 (decimal 8211)
   defining Unicode char U+2014 (decimal 8212)
   defining Unicode char U+2018 (decimal 8216)
   defining Unicode char U+2019 (decimal 8217)
   defining Unicode char U+201C (decimal 8220)
   defining Unicode char U+201D (decimal 8221)
)
Now handling font encoding OMS ...
... processing UTF-8 mapping file for font encoding OMS

(/usr/share/texlive/texmf-dist/tex/latex/base/omsenc.dfu
File: omsenc.dfu 2017/01/28 v1.1t UTF-8 support for inputenc
   defining Unicode char U+00A7 (decimal 167)
   defining Unicode char U+00B6 (decimal 182)
   defining Unicode char U+00B7 (decimal 183)
   defining Unicode char U+2020 (decimal 8224)
   defining Unicode char U+2021 (decimal 8225)
   defining Unicode char U+2022 (decimal 8226)
)
Now handling font encoding OMX ...
... no UTF-8 mapping file for font encoding OMX
Now handling font encoding U ...
... no UTF-8 mapping file for font encoding U
   defining Unicode char U+00A9 (decimal 169)
   defining Unicode char U+00AA (decimal 170)
   defining Unicode char U+00AE (decimal 174)
   defining Unicode char U+00BA (decimal 186)
   defining Unicode char U+02C6 (decimal 710)
   defining Unicode char U+02DC (decimal 732)
   defining Unicode char U+200C (decimal 8204)
   defining Unicode char U+2026 (decimal 8230)
   defining Unicode char U+2122 (decimal 8482)
   defining Unicode char U+2423 (decimal 9251)
))
(/usr/share/texlive/texmf-dist/tex/latex/base/fontenc.sty
Package: fontenc 2017/04/05 v2.0i Standard LaTeX package

(/usr/share/texlive/texmf-dist/tex/latex/base/t1enc.def
File: t1enc.def 2017/04/05 v2.0i Standard LaTeX file
LaTeX Font Info:    Redeclaring font encoding T1 on input line 48.
))
(/usr/share/texmf/tex/latex/lm/lmodern.sty
Package: lmodern 2009/10/30 v1.6 Latin Modern Fonts
LaTeX Font Info:    Overwriting symbol font `operators' in version `normal'
(Font)                  OT1/cmr/m/n --> OT1/lmr/m/n on input line 22.
LaTeX Font Info:    Overwriting symbol font `letters' in version `normal'
(Font)                  OML/cmm/m/it --> OML/lmm/m/it on input line 23.
LaTeX Font Info:    Overwriting symbol font `symbols' in version `normal'
(Font)                  OMS/cmsy/m/n --> OMS/lmsy/m/n on input line 24.
LaTeX Font Info:    Overwriting symbol font `largesymbols' in version `normal'
(Font)                  OMX/cmex/m/n --> OMX/lmex/m/n on input line 25.
LaTeX Font Info:    Overwriting symbol font `operators' in version `bold'
(Font)                  OT1/cmr/bx/n --> OT1/lmr/bx/n on input line 26.
LaTeX Font Info:    Overwriting symbol font `letters' in version `bold'
(Font)                  OML/cmm/b/it --> OML/lmm/b/it on input line 27.
LaTeX Font Info:    Overwriting symbol font `symbols' in version `bold'
(Font)                  OMS/cmsy/b/n --> OMS/lmsy/b/n on input line 28.
LaTeX Font Info:    Overwriting symbol font `largesymbols' in version `bold'
(Font)                  OMX/cmex/m/n --> OMX/lmex/m/n on input line 29.
LaTeX Font Info:    Overwriting math alphabet `\mathbf' in version `normal'
(Font)                  OT1/cmr/bx/n --> OT1/lmr/bx/n on input line 31.
LaTeX Font Info:    Overwriting math alphabet `\mathsf' in version `normal'
(Font)                  OT1/cmss/m/n --> OT1/lmss/m/n on input line 32.
LaTeX Font Info:    Overwriting math alphabet `\mathit' in version `normal'
(Font)                  OT1/cmr/m/it --> OT1/lmr/m/it on input line 33.
LaTeX Font Info:    Overwriting math alphabet `\mathtt' in version `normal'
(Font)                  OT1/cmtt/m/n --> OT1/lmtt/m/n on input line 34.
LaTeX Font Info:    Overwriting math alphabet `\mathbf' in version `bold'
(Font)                  OT1/cmr/bx/n --> OT1/lmr/bx/n on input line 35.
LaTeX Font Info:    Overwriting math alphabet `\mathsf' in version `bold'
(Font)                  OT1/cmss/bx/n --> OT1/lmss/bx/n on input line 36.
LaTeX Font Info:    Overwriting math alphabet `\mathit' in version `bold'
(Font)                  OT1/cmr/bx/it --> OT1/lmr/bx/it on input line 37.
LaTeX Font Info:    Overwriting math alphabet `\mathtt' in version `bold'
(Font)                  OT1/cmtt/m/n --> OT1/lmtt/m/n on input line 38.
)
(/usr/share/texlive/texmf-dist/tex/latex/fancyhdr/fancyhdr.sty
Package: fancyhdr 2017/06/30 v3.9a Extensive control of page headers and footer
s
\f@nch@headwidth=\skip43
\f@nch@O@elh=\skip44
\f@nch@O@erh=\skip45
\f@nch@O@olh=\skip46
\f@nch@O@orh=\skip47
\f@nch@O@elf=\skip48
\f@nch@O@erf=\skip49
\f@nch@O@olf=\skip50
\f@nch@O@orf=\skip51
)
(/usr/share/texlive/texmf-dist/tex/latex/oberdiek/epstopdf.sty
Package: epstopdf 2016/05/15 v2.6 Conversion with epstopdf on the fly (HO)

(/usr/share/texlive/texmf-dist/tex/latex/oberdiek/epstopdf-base.sty
Package: epstopdf-base 2016/05/15 v2.6 Base part for package epstopdf

(/usr/share/texlive/texmf-dist/tex/generic/oberdiek/infwarerr.sty
Package: infwarerr 2016/05/16 v1.4 Providing info/warning/error messages (HO)
)
(/usr/share/texlive/texmf-dist/tex/latex/oberdiek/grfext.sty
Package: grfext 2016/05/16 v1.2 Manage graphics extensions (HO)

(/usr/share/texlive/texmf-dist/tex/generic/oberdiek/kvdefinekeys.sty
Package: kvdefinekeys 2016/05/16 v1.4 Define keys (HO)

(/usr/share/texlive/texmf-dist/tex/generic/oberdiek/ltxcmds.sty
Package: ltxcmds 2016/05/16 v1.23 LaTeX kernel commands for general use (HO)
)))
(/usr/share/texlive/texmf-dist/tex/latex/oberdiek/kvoptions.sty
Package: kvoptions 2016/05/16 v3.12 Key value format for package options (HO)

(/usr/share/texlive/texmf-dist/tex/latex/graphics/keyval.sty
Package: keyval 2014/10/28 v1.15 key=value parser (DPC)
\KV@toks@=\toks16
)
(/usr/share/texlive/texmf-dist/tex/generic/oberdiek/kvsetkeys.sty
Package: kvsetkeys 2016/05/16 v1.17 Key value parser (HO)

(/usr/share/texlive/texmf-dist/tex/generic/oberdiek/etexcmds.sty
Package: etexcmds 2016/05/16 v1.6 Avoid name clashes with e-TeX commands (HO)

(/usr/share/texlive/texmf-dist/tex/generic/oberdiek/ifluatex.sty
Package: ifluatex 2016/05/16 v1.4 Provides the ifluatex switch (HO)
Package ifluatex Info: LuaTeX not detected.
)
Package etexcmds Info: Could not find \expanded.
(etexcmds)             That can mean that you are not using pdfTeX 1.50 or
(etexcmds)             that some package has redefined \expanded.
(etexcmds)             In the latter case, load this package earlier.
)))
(/usr/share/texlive/texmf-dist/tex/generic/oberdiek/pdftexcmds.sty
Package: pdftexcmds 2018/01/21 v0.26 Utility functions of pdfTeX for LuaTeX (HO
)

(/usr/share/texlive/texmf-dist/tex/generic/oberdiek/ifpdf.sty
Package: ifpdf 2017/03/15 v3.2 Provides the ifpdf switch
)
Package pdftexcmds Info: LuaTeX not detected.
Package pdftexcmds Info: \pdf@primitive is available.
Package pdftexcmds Info: \pdf@ifprimitive is available.
Package pdftexcmds Info: \pdfdraftmode found.
)

Package epstopdf Warning: No graphics package `graphic{s,x}' loaded.

)) (/usr/share/texlive/texmf-dist/tex/latex/graphics/graphicx.sty
Package: graphicx 2017/06/01 v1.1a Enhanced LaTeX Graphics (DPC,SPQR)

(/usr/share/texlive/texmf-dist/tex/latex/graphics/graphics.sty
Package: graphics 2017/06/25 v1.2c Standard LaTeX Graphics (DPC,SPQR)

(/usr/share/texlive/texmf-dist/tex/latex/graphics/trig.sty
Package: trig 2016/01/03 v1.10 sin cos tan (DPC)
)
(/usr/share/texlive/texmf-dist/tex/latex/graphics-cfg/graphics.cfg
File: graphics.cfg 2016/06/04 v1.11 sample graphics configuration
)
Package graphics Info: Driver file: pdftex.def on input line 99.

(/usr/share/texlive/texmf-dist/tex/latex/graphics-def/pdftex.def
File: pdftex.def 2018/01/08 v1.0l Graphics/color driver for pdftex
))
\Gin@req@height=\dimen103
\Gin@req@width=\dimen104
)
(/usr/share/texlive/texmf-dist/tex/latex/caption/caption.sty
Package: caption 2016/02/21 v3.3-144 Customizing captions (AR)

(/usr/share/texlive/texmf-dist/tex/latex/caption/caption3.sty
Package: caption3 2016/05/22 v1.7-166 caption3 kernel (AR)
Package caption3 Info: TeX engine: e-TeX on input line 67.
\captionmargin=\dimen105
\captionmargin@=\dimen106
\captionwidth=\dimen107
\caption@tempdima=\dimen108
\caption@indent=\dimen109
\caption@parindent=\dimen110
\caption@hangindent=\dimen111
)
\c@ContinuedFloat=\count88
)
(/usr/share/texlive/texmf-dist/tex/latex/hyperref/hyperref.sty
Package: hyperref 2018/02/06 v6.86b Hypertext links for LaTeX

(/usr/share/texlive/texmf-dist/tex/generic/oberdiek/hobsub-hyperref.sty
Package: hobsub-hyperref 2016/05/16 v1.14 Bundle oberdiek, subset hyperref (HO)


(/usr/share/texlive/texmf-dist/tex/generic/oberdiek/hobsub-generic.sty
Package: hobsub-generic 2016/05/16 v1.14 Bundle oberdiek, subset generic (HO)
Package: hobsub 2016/05/16 v1.14 Construct package bundles (HO)
Package hobsub Info: Skipping package `infwarerr' (already loaded).
Package hobsub Info: Skipping package `ltxcmds' (already loaded).
Package hobsub Info: Skipping package `ifluatex' (already loaded).
Package: ifvtex 2016/05/16 v1.6 Detect VTeX and its facilities (HO)
Package ifvtex Info: VTeX not detected.
Package: intcalc 2016/05/16 v1.2 Expandable calculations with integers (HO)
Package hobsub Info: Skipping package `ifpdf' (already loaded).
Package hobsub Info: Skipping package `etexcmds' (already loaded).
Package hobsub Info: Skipping package `kvsetkeys' (already loaded).
Package hobsub Info: Skipping package `kvdefinekeys' (already loaded).
Package hobsub Info: Skipping package `pdftexcmds' (already loaded).
Package: pdfescape 2016/05/16 v1.14 Implements pdfTeX's escape features (HO)
Package: bigintcalc 2016/05/16 v1.4 Expandable calculations on big integers (HO
)
Package: bitset 2016/05/16 v1.2 Handle bit-vector datatype (HO)
Package: uniquecounter 2016/05/16 v1.3 Provide unlimited unique counter (HO)
)
Package hobsub Info: Skipping package `hobsub' (already loaded).
Package: letltxmacro 2016/05/16 v1.5 Let assignment for LaTeX macros (HO)
Package: hopatch 2016/05/16 v1.3 Wrapper for package hooks (HO)
Package: xcolor-patch 2016/05/16 xcolor patch
Package: atveryend 2016/05/16 v1.9 Hooks at the very end of document (HO)
Package atveryend Info: \enddocument detected (standard20110627).
Package: atbegshi 2016/06/09 v1.18 At begin shipout hook (HO)
Package: refcount 2016/05/16 v3.5 Data extraction from label references (HO)
Package: hycolor 2016/05/16 v1.8 Color options for hyperref/bookmark (HO)
)
(/usr/share/texlive/texmf-dist/tex/generic/ifxetex/ifxetex.sty
Package: ifxetex 2010/09/12 v0.6 Provides ifxetex conditional
)
(/usr/share/texlive/texmf-dist/tex/latex/oberdiek/auxhook.sty
Package: auxhook 2016/05/16 v1.4 Hooks for auxiliary files (HO)
)
\@linkdim=\dimen112
\Hy@linkcounter=\count89
\Hy@pagecounter=\count90

(/usr/share/texlive/texmf-dist/tex/latex/hyperref/pd1enc.def
File: pd1enc.def 2018/02/06 v6.86b Hyperref: PDFDocEncoding definition (HO)
Now handling font encoding PD1 ...
... no UTF-8 mapping file for font encoding PD1
)
\Hy@SavedSpaceFactor=\count91

(/usr/share/texlive/texmf-dist/tex/latex/latexconfig/hyperref.cfg
File: hyperref.cfg 2002/06/06 v1.2 hyperref configuration of TeXLive
)
Package hyperref Info: Hyper figures OFF on input line 4509.
Package hyperref Info: Link nesting OFF on input line 4514.
Package hyperref Info: Hyper index ON on input line 4517.
Package hyperref Info: Plain pages OFF on input line 4524.
Package hyperref Info: Backreferencing OFF on input line 4529.
Package hyperref Info: Implicit mode ON; LaTeX internals redefined.
Package hyperref Info: Bookmarks ON on input line 4762.
\c@Hy@tempcnt=\count92

(/usr/share/texlive/texmf-dist/tex/latex/url/url.sty
\Urlmuskip=\muskip10
Package: url 2013/09/16  ver 3.4  Verb mode for urls, etc.
)
LaTeX Info: Redefining \url on input line 5115.
\XeTeXLinkMargin=\dimen113
\Fld@menulength=\count93
\Field@Width=\dimen114
\Fld@charsize=\dimen115
Package hyperref Info: Hyper figures OFF on input line 6369.
Package hyperref Info: Link nesting OFF on input line 6374.
Package hyperref Info: Hyper index ON on input line 6377.
Package hyperref Info: backreferencing OFF on input line 6384.
Package hyperref Info: Link coloring OFF on input line 6389.
Package hyperref Info: Link coloring with OCG OFF on input line 6394.
Package hyperref Info: PDF/A mode OFF on input line 6399.
LaTeX Info: Redefining \ref on input line 6439.
LaTeX Info: Redefining \pageref on input line 6443.
\Hy@abspage=\count94
\c@Item=\count95
\c@Hfootnote=\count96
)
Package hyperref Info: Driver (autodetected): hpdftex.

(/usr/share/texlive/texmf-dist/tex/latex/hyperref/hpdftex.def
File: hpdftex.def 2018/02/06 v6.86b Hyperref driver for pdfTeX
\Fld@listcount=\count97
\c@bookmark@seq@number=\count98

(/usr/share/texlive/texmf-dist/tex/latex/oberdiek/rerunfilecheck.sty
Package: rerunfilecheck 2016/05/16 v1.8 Rerun checks for auxiliary files (HO)
Package uniquecounter Info: New unique counter `rerunfilecheck' on input line 2
82.
)
\Hy@SectionHShift=\skip52
)
(/usr/share/texlive/texmf-dist/tex/latex/eurosym/eurosym.sty
Package: eurosym 1998/08/06 v1.1 European currency symbol ``Euro''
\@eurobox=\box26
)
(/usr/share/texlive/texmf-dist/tex/latex/titlepic/titlepic.sty
Package: titlepic 2017/03/14 1.2 Package to display a picture on the title page

)
(/usr/share/texlive/texmf-dist/tex/generic/babel/babel.sty
Package: babel 2018/02/14 3.18 The Babel package

(/usr/share/texlive/texmf-dist/tex/generic/babel/switch.def
File: switch.def 2018/02/14 3.18 Babel switching mechanism
)
(/usr/share/texlive/texmf-dist/tex/generic/babel-french/french.ldf
Language: french 2018/02/04 v3.4b French support from the babel system

(/usr/share/texlive/texmf-dist/tex/generic/babel/babel.def
File: babel.def 2018/02/14 3.18 Babel common definitions
\babel@savecnt=\count99
\U@D=\dimen116

(/usr/share/texlive/texmf-dist/tex/generic/babel/txtbabel.def)
\bbl@dirlevel=\count100
)
\l@acadian = a dialect from \language\l@french 
\FB@nonchar=\count101
Package babel Info: Making : an active character on input line 411.
Package babel Info: Making ; an active character on input line 412.
Package babel Info: Making ! an active character on input line 413.
Package babel Info: Making ? an active character on input line 414.
\FBguill@level=\count102
\FB@everypar=\toks17
\FB@Mht=\dimen117
\mc@charclass=\count103
\mc@charfam=\count104
\mc@charslot=\count105
\std@mcc=\count106
\dec@mcc=\count107
\c@FBcaption@count=\count108
\listindentFB=\skip53
\descindentFB=\skip54
\labelwidthFB=\skip55
\leftmarginFB=\skip56
\parindentFFN=\dimen118
\FBfnindent=\skip57
))
(/usr/share/texlive/texmf-dist/tex/latex/carlisle/scalefnt.sty)
(/usr/share/texlive/texmf-dist/tex/latex/geometry/geometry.sty
Package: geometry 2010/09/12 v5.6 Page Geometry
\Gm@cnth=\count109
\Gm@cntv=\count110
\c@Gm@tempcnt=\count111
\Gm@bindingoffset=\dimen119
\Gm@wd@mp=\dimen120
\Gm@odd@mp=\dimen121
\Gm@even@mp=\dimen122
\Gm@layoutwidth=\dimen123
\Gm@layoutheight=\dimen124
\Gm@layouthoffset=\dimen125
\Gm@layoutvoffset=\dimen126
\Gm@dimlist=\toks18
)
(/usr/share/texlive/texmf-dist/tex/latex/base/fontenc.sty
Package: fontenc 2017/04/05 v2.0i Standard LaTeX package

(/usr/share/texlive/texmf-dist/tex/latex/base/t1enc.def
File: t1enc.def 2017/04/05 v2.0i Standard LaTeX file
LaTeX Font Info:    Redeclaring font encoding T1 on input line 48.
)) (./REX hydromines.aux)
\openout1 = `"REX hydromines.aux"'.

LaTeX Font Info:    Checking defaults for OML/cmm/m/it on input line 26.
LaTeX Font Info:    ... okay on input line 26.
LaTeX Font Info:    Checking defaults for T1/cmr/m/n on input line 26.
LaTeX Font Info:    ... okay on input line 26.
LaTeX Font Info:    Checking defaults for OT1/cmr/m/n on input line 26.
LaTeX Font Info:    ... okay on input line 26.
LaTeX Font Info:    Checking defaults for OMS/cmsy/m/n on input line 26.
LaTeX Font Info:    ... okay on input line 26.
LaTeX Font Info:    Checking defaults for OMX/cmex/m/n on input line 26.
LaTeX Font Info:    ... okay on input line 26.
LaTeX Font Info:    Checking defaults for U/cmr/m/n on input line 26.
LaTeX Font Info:    ... okay on input line 26.
LaTeX Font Info:    Checking defaults for PD1/pdf/m/n on input line 26.
LaTeX Font Info:    ... okay on input line 26.
LaTeX Font Info:    Try loading font information for T1+lmr on input line 26.
 (/usr/share/texmf/tex/latex/lm/t1lmr.fd
File: t1lmr.fd 2009/10/30 v1.6 Font defs for Latin Modern
)
(/usr/share/texlive/texmf-dist/tex/context/base/mkii/supp-pdf.mkii
[Loading MPS to PDF converter (version 2006.09.02).]
\scratchcounter=\count112
\scratchdimen=\dimen127
\scratchbox=\box27
\nofMPsegments=\count113
\nofMParguments=\count114
\everyMPshowfont=\toks19
\MPscratchCnt=\count115
\MPscratchDim=\dimen128
\MPnumerator=\count116
\makeMPintoPDFobject=\count117
\everyMPtoPDFconversion=\toks20
)
Package caption Info: Begin \AtBeginDocument code.
Package caption Info: hyperref package is loaded.
Package caption Info: End \AtBeginDocument code.
\AtBeginShipoutBox=\box28
Package hyperref Info: Link coloring OFF on input line 26.
 (/usr/share/texlive/texmf-dist/tex/latex/hyperref/nameref.sty
Package: nameref 2016/05/21 v2.44 Cross-referencing by name of section

(/usr/share/texlive/texmf-dist/tex/generic/oberdiek/gettitlestring.sty
Package: gettitlestring 2016/05/16 v1.5 Cleanup title references (HO)
)
\c@section@level=\count118
)
LaTeX Info: Redefining \ref on input line 26.
LaTeX Info: Redefining \pageref on input line 26.
LaTeX Info: Redefining \nameref on input line 26.

(./REX hydromines.out) (./REX hydromines.out)
\@outlinefile=\write3
\openout3 = `"REX hydromines.out"'.

LaTeX Info: Redefining \degres on input line 26.


Package french.ldf Warning: Figures' and tables' captions might look like
(french.ldf)                `Figure 1:' in French instead of `Figure 1 :'.
(french.ldf)                If you have loaded any of the packages caption,
(french.ldf)                subcaption or floatrow BEFORE babel/french,
(french.ldf)                please move them AFTER babel/french.
(french.ldf)                If one of them is loaded by your class,
(french.ldf)                you can still add AFTER babel/french
(french.ldf)                \usepackage[labelsep=period]{caption} or
(french.ldf)                \usepackage[labelsep=endash]{caption} or
(french.ldf)                ... live with it; reported on input line 26.

LaTeX Info: Redefining \dots on input line 26.
LaTeX Info: Redefining \up on input line 26.
*geometry* driver: auto-detecting
*geometry* detected driver: pdftex
*geometry* verbose mode - [ preamble ] result:
* driver: pdftex
* paper: a4paper
* layout: <same size as paper>
* layoutoffset:(h,v)=(0.0pt,0.0pt)
* modes: 
* h-part:(L,W,R)=(56.9055pt, 483.69687pt, 56.9055pt)
* v-part:(T,H,B)=(56.9055pt, 731.23584pt, 56.9055pt)
* \paperwidth=597.50787pt
* \paperheight=845.04684pt
* \textwidth=483.69687pt
* \textheight=731.23584pt
* \oddsidemargin=-15.36449pt
* \evensidemargin=-15.36449pt
* \topmargin=-52.36449pt
* \headheight=12.0pt
* \headsep=25.0pt
* \topskip=11.0pt
* \footskip=30.0pt
* \marginparwidth=50.0pt
* \marginparsep=10.0pt
* \columnsep=10.0pt
* \skip\footins=10.0pt plus 4.0pt minus 2.0pt
* \hoffset=0.0pt
* \voffset=0.0pt
* \mag=1000
* \@twocolumnfalse
* \@twosidefalse
* \@mparswitchfalse
* \@reversemarginfalse
* (1in=72.27pt=25.4mm, 1cm=28.453pt)

LaTeX Font Info:    Try loading font information for OT1+lmr on input line 28.
(/usr/share/texmf/tex/latex/lm/ot1lmr.fd
File: ot1lmr.fd 2009/10/30 v1.6 Font defs for Latin Modern
)
LaTeX Font Info:    Try loading font information for OML+lmm on input line 28.

(/usr/share/texmf/tex/latex/lm/omllmm.fd
File: omllmm.fd 2009/10/30 v1.6 Font defs for Latin Modern
)
LaTeX Font Info:    Try loading font information for OMS+lmsy on input line 28.


(/usr/share/texmf/tex/latex/lm/omslmsy.fd
File: omslmsy.fd 2009/10/30 v1.6 Font defs for Latin Modern
)
LaTeX Font Info:    Try loading font information for OMX+lmex on input line 28.


(/usr/share/texmf/tex/latex/lm/omxlmex.fd
File: omxlmex.fd 2009/10/30 v1.6 Font defs for Latin Modern
)
LaTeX Font Info:    External font `lmex10' loaded for size
(Font)              <12> on input line 28.
LaTeX Font Info:    External font `lmex10' loaded for size
(Font)              <8> on input line 28.
LaTeX Font Info:    External font `lmex10' loaded for size
(Font)              <6> on input line 28.


LaTeX Warning: No \author given.

<images/logohydrocontest.jpg, id=345, 464.73625pt x 380.42125pt>
File: images/logohydrocontest.jpg Graphic file (type jpg)
<use images/logohydrocontest.jpg>
Package pdftex.def Info: images/logohydrocontest.jpg  used on input line 28.
(pdftex.def)             Requested size: 338.58632pt x 277.16534pt.
[1

{/var/lib/texmf/fonts/map/pdftex/updmap/pdftex.map} <./images/logohydrocontest.
jpg>] (./REX hydromines.toc
LaTeX Font Info:    External font `lmex10' loaded for size
(Font)              <10.95> on input line 6.
pdfTeX warning (ext4): destination with the same identifier (name{page.1}) has 
been already used, duplicate ignored
<to be read again> 
                   \relax 
l.31 ...}Objectif de cette partie}{25}{chapter.11}
                                                   [1

] [2])
\tf@toc=\write4
\openout4 = `"REX hydromines.toc"'.

 [3] [4

]
Chapitre 1.
[5

]
Chapitre 2.
[6

]
Chapitre 3.
[7

] [8] [9

]
LaTeX Font Info:    Try loading font information for T1+lmtt on input line 79.
 (/usr/share/texmf/tex/latex/lm/t1lmtt.fd
File: t1lmtt.fd 2009/10/30 v1.6 Font defs for Latin Modern
) [10]
Chapitre 4.
[11

]
Chapitre 5.
[12

]
Chapitre 6.
<images/CFD1.png, id=499, 1026.83624pt x 578.16pt>
File: images/CFD1.png Graphic file (type png)
<use images/CFD1.png>
Package pdftex.def Info: images/CFD1.png  used on input line 140.
(pdftex.def)             Requested size: 241.84843pt x 136.16756pt.

LaTeX Warning: `h' float specifier changed to `ht'.

<images/CFD2.png, id=500, 345.54094pt x 330.48468pt>
File: images/CFD2.png Graphic file (type png)
<use images/CFD2.png>
Package pdftex.def Info: images/CFD2.png  used on input line 155.
(pdftex.def)             Requested size: 290.22107pt x 277.58002pt.

LaTeX Warning: `h' float specifier changed to `ht'.

[13

]
<images/CFD3.png, id=507, 506.6428pt x 315.42844pt>
File: images/CFD3.png Graphic file (type png)
<use images/CFD3.png>
Package pdftex.def Info: images/CFD3.png  used on input line 165.
(pdftex.def)             Requested size: 338.58632pt x 210.8017pt.


LaTeX Warning: `h' float specifier changed to `ht'.

<images/CFD4.png, id=508, 1026.83624pt x 578.16pt>
File: images/CFD4.png Graphic file (type png)
<use images/CFD4.png>
Package pdftex.def Info: images/CFD4.png  used on input line 190.
(pdftex.def)             Requested size: 338.58632pt x 190.64342pt.

LaTeX Warning: `h' float specifier changed to `ht'.

[14 <./images/CFD1.png> <./images/CFD2.png>] [15 <./images/CFD3.png> <./images/
CFD4.png>]
Chapitre 7.
[16

] [17

]
Chapitre 8.
[18

] [19

]
Chapitre 9.
<images/ultimaker.png, id=540, 560.0925pt x 438.63875pt>
File: images/ultimaker.png Graphic file (type png)
<use images/ultimaker.png>
Package pdftex.def Info: images/ultimaker.png  used on input line 222.
(pdftex.def)             Requested size: 336.05809pt x 263.18527pt.
[20

 <./images/ultimaker.png>]
<images/cura.jpg, id=548, 1927.2pt x 1084.05pt>
File: images/cura.jpg Graphic file (type jpg)
<use images/cura.jpg>
Package pdftex.def Info: images/cura.jpg  used on input line 234.
(pdftex.def)             Requested size: 241.84843pt x 136.03523pt.
<images/decoupeuse_laser.jpg, id=549, 924.8151pt x 838.5729pt>
File: images/decoupeuse_laser.jpg Graphic file (type jpg)
<use images/decoupeuse_laser.jpg>
Package pdftex.def Info: images/decoupeuse_laser.jpg  used on input line 253.
(pdftex.def)             Requested size: 241.84843pt x 219.29057pt.


LaTeX Warning: `h' float specifier changed to `ht'.

<images/inkscape.jpg, id=550, 1156.32pt x 722.7pt>
File: images/inkscape.jpg Graphic file (type jpg)
<use images/inkscape.jpg>
Package pdftex.def Info: images/inkscape.jpg  used on input line 263.
(pdftex.def)             Requested size: 241.84843pt x 151.15393pt.

LaTeX Warning: `h' float specifier changed to `ht'.

[21 <./images/cura.jpg>] [22 <./images/decoupeuse_laser.jpg> <./images/inkscape
.jpg>]
Chapitre 10.
[23

] [24

]
Chapitre 11.
[25

] [26]
Chapitre 12.
<images/taranis.jpg, id=589, 1003.75pt x 1003.75pt>
File: images/taranis.jpg Graphic file (type jpg)
<use images/taranis.jpg>
Package pdftex.def Info: images/taranis.jpg  used on input line 375.
(pdftex.def)             Requested size: 241.84843pt x 241.83919pt.
<images/mode_radiocommande.jpg, id=590, 481.8pt x 481.8pt>
File: images/mode_radiocommande.jpg Graphic file (type jpg)
<use images/mode_radiocommande.jpg>
Package pdftex.def Info: images/mode_radiocommande.jpg  used on input line 384.

(pdftex.def)             Requested size: 241.84843pt x 241.84776pt.

LaTeX Warning: `h' float specifier changed to `ht'.

[27

 <./images/taranis.jpg>]
<images/X4RSB.jpg, id=596, 903.375pt x 903.375pt>
File: images/X4RSB.jpg Graphic file (type jpg)
<use images/X4RSB.jpg>
Package pdftex.def Info: images/X4RSB.jpg  used on input line 404.
(pdftex.def)             Requested size: 241.84843pt x 241.84685pt.


LaTeX Warning: `h' float specifier changed to `ht'.

<images/xbee.jpg, id=597, 106.9596pt x 88.1694pt>
File: images/xbee.jpg Graphic file (type jpg)
<use images/xbee.jpg>
Package pdftex.def Info: images/xbee.jpg  used on input line 420.
(pdftex.def)             Requested size: 241.84843pt x 199.37216pt.
<images/xbee_explorer_regulated.jpg, id=598, 602.25pt x 602.25pt>
File: images/xbee_explorer_regulated.jpg Graphic file (type jpg)
<use images/xbee_explorer_regulated.jpg>
Package pdftex.def Info: images/xbee_explorer_regulated.jpg  used on input line
 420.
(pdftex.def)             Requested size: 241.84843pt x 241.85144pt.

LaTeX Warning: `h' float specifier changed to `ht'.

[28 <./images/mode_radiocommande.jpg>]
<images/vtx.jpg, id=606, 1027.84pt x 768.8725pt>
File: images/vtx.jpg Graphic file (type jpg)
<use images/vtx.jpg>
Package pdftex.def Info: images/vtx.jpg  used on input line 475.
(pdftex.def)             Requested size: 241.84843pt x 180.90796pt.


LaTeX Warning: `h' float specifier changed to `ht'.

[29 <./images/X4RSB.jpg>]
<images/ecran.jpg, id=613, 426.09187pt x 312.41719pt>
File: images/ecran.jpg Graphic file (type jpg)
<use images/ecran.jpg>
Package pdftex.def Info: images/ecran.jpg  used on input line 493.
(pdftex.def)             Requested size: 241.84843pt x 177.3312pt.


LaTeX Warning: `h' float specifier changed to `ht'.

<images/camera.jpg, id=614, 602.25pt x 602.25pt>
File: images/camera.jpg Graphic file (type jpg)
<use images/camera.jpg>
Package pdftex.def Info: images/camera.jpg  used on input line 507.
(pdftex.def)             Requested size: 241.84843pt x 241.85144pt.

LaTeX Warning: `h' float specifier changed to `ht'.

[30 <./images/xbee.jpg> <./images/xbee_explorer_regulated.jpg> <./images/vtx.jp
g>]
<images/antenne.jpg, id=624, 501.875pt x 501.875pt>
File: images/antenne.jpg Graphic file (type jpg)
<use images/antenne.jpg>
Package pdftex.def Info: images/antenne.jpg  used on input line 525.
(pdftex.def)             Requested size: 241.84843pt x 241.8545pt.


LaTeX Warning: `h' float specifier changed to `ht'.

<images/connecteur_antenne.jpg, id=625, 602.25pt x 371.3875pt>
File: images/connecteur_antenne.jpg Graphic file (type jpg)
<use images/connecteur_antenne.jpg>
Package pdftex.def Info: images/connecteur_antenne.jpg  used on input line 537.

(pdftex.def)             Requested size: 241.84843pt x 149.14172pt.

LaTeX Warning: `h' float specifier changed to `ht'.

<images/raspberry_pi_zero_w.jpeg, id=627, 1027.84pt x 1027.84pt>
File: images/raspberry_pi_zero_w.jpeg Graphic file (type jpg)
<use images/raspberry_pi_zero_w.jpeg>
Package pdftex.def Info: images/raspberry_pi_zero_w.jpeg  used on input line 55
0.
(pdftex.def)             Requested size: 241.84843pt x 241.84042pt.

LaTeX Warning: `h' float specifier changed to `ht'.

[31 <./images/ecran.jpg> <./images/camera.jpg>]
<images/teensy_3_5.jpg, id=634, 602.25pt x 602.25pt>
File: images/teensy_3_5.jpg Graphic file (type jpg)
<use images/teensy_3_5.jpg>
Package pdftex.def Info: images/teensy_3_5.jpg  used on input line 564.
(pdftex.def)             Requested size: 241.84843pt x 241.85144pt.


LaTeX Warning: `h' float specifier changed to `ht'.

<images/usb_serie.png, id=635, 1606.0pt x 1606.0pt>
File: images/usb_serie.png Graphic file (type png)
<use images/usb_serie.png>
Package pdftex.def Info: images/usb_serie.png  used on input line 583.
(pdftex.def)             Requested size: 193.47578pt x 193.47136pt.
[32 <./images/antenne.jpg> <./images/connecteur_antenne.jpg>]

LaTeX Warning: `h' float specifier changed to `ht'.

<images/IMU.jpg, id=642, 1115.6045pt x 901.84818pt>
File: images/IMU.jpg Graphic file (type jpg)
<use images/IMU.jpg>
Package pdftex.def Info: images/IMU.jpg  used on input line 605.
(pdftex.def)             Requested size: 241.84843pt x 195.50362pt.

LaTeX Warning: `h' float specifier changed to `ht'.

<images/gps.png, id=643, 240.9pt x 240.9pt>
File: images/gps.png Graphic file (type png)
<use images/gps.png>
Package pdftex.def Info: images/gps.png  used on input line 615.
(pdftex.def)             Requested size: 241.84843pt x 241.8551pt.

LaTeX Warning: `h' float specifier changed to `ht'.

[33 <./images/raspberry_pi_zero_w.jpeg>] [34 <./images/teensy_3_5.jpg> <./image
s/usb_serie.png

pdfTeX warning: pdflatex (file ./images/usb_serie.png): large interlaced PNG mi
ght cause out of memory (use non-interlaced PNG to fix this)
>]
<images/LIDAR.jpg, id=658, 259.97125pt x 194.7275pt>
File: images/LIDAR.jpg Graphic file (type jpg)
<use images/LIDAR.jpg>
Package pdftex.def Info: images/LIDAR.jpg  used on input line 646.
(pdftex.def)             Requested size: 241.84843pt x 181.15411pt.


LaTeX Warning: `h' float specifier changed to `ht'.

[35 <./images/IMU.jpg>] [36 <./images/gps.png> <./images/LIDAR.jpg>]
Chapitre 13.
<images/arret_urgence.jpg, id=672, 642.4pt x 481.8pt>
File: images/arret_urgence.jpg Graphic file (type jpg)
<use images/arret_urgence.jpg>
Package pdftex.def Info: images/arret_urgence.jpg  used on input line 662.
(pdftex.def)             Requested size: 241.84843pt x 181.38766pt.
<images/interr_etanche.jpg, id=673, 1104.125pt x 1104.125pt>
File: images/interr_etanche.jpg Graphic file (type jpg)
<use images/interr_etanche.jpg>
Package pdftex.def Info: images/interr_etanche.jpg  used on input line 662.
(pdftex.def)             Requested size: 241.84843pt x 241.84685pt.
[37

 <./images/arret_urgence.jpg> <./images/interr_etanche.jpg>]
<images/porte_fusible_th.jpg, id=679, 963.6pt x 963.6pt>
File: images/porte_fusible_th.jpg Graphic file (type jpg)
<use images/porte_fusible_th.jpg>
Package pdftex.def Info: images/porte_fusible_th.jpg  used on input line 700.
(pdftex.def)             Requested size: 241.84843pt x 241.84042pt.
<images/porte_fusible_fil.png, id=680, 1606.0pt x 1606.0pt>
File: images/porte_fusible_fil.png Graphic file (type png)
<use images/porte_fusible_fil.png>
Package pdftex.def Info: images/porte_fusible_fil.png  used on input line 700.
(pdftex.def)             Requested size: 241.84843pt x 241.84532pt.
 [38 <./images/porte_fusible_th.jpg> <./images/porte_fusible_fil.png

pdfTeX warning: pdflatex (file ./images/porte_fusible_fil.png): large interlace
d PNG might cause out of memory (use non-interlaced PNG to fix this)
>]
Chapitre 14.
<images/perfboard.jpg, id=687, 301.125pt x 283.0575pt>
File: images/perfboard.jpg Graphic file (type jpg)
<use images/perfboard.jpg>
Package pdftex.def Info: images/perfboard.jpg  used on input line 744.
(pdftex.def)             Requested size: 241.84843pt x 227.34467pt.
<images/perma_proto_board.jpg, id=688, 1027.84pt x 782.925pt>
File: images/perma_proto_board.jpg Graphic file (type jpg)
<use images/perma_proto_board.jpg>
Package pdftex.def Info: images/perma_proto_board.jpg  used on input line 744.
(pdftex.def)             Requested size: 290.22107pt x 221.0692pt.

Overfull \hbox (48.37263pt too wide) in paragraph at lines 744--745
 [][][] 
 []

[39

 <./images/perfboard.jpg> <./images/perma_proto_board.jpg>]
<images/fritzing.png, id=694, 2890.8pt x 1806.75pt>
File: images/fritzing.png Graphic file (type png)
<use images/fritzing.png>
Package pdftex.def Info: images/fritzing.png  used on input line 790.
(pdftex.def)             Requested size: 483.69687pt x 302.29134pt.
<images/dupont_femelle.jpg, id=695, 752.8125pt x 627.84563pt>
File: images/dupont_femelle.jpg Graphic file (type jpg)
<use images/dupont_femelle.jpg>
Package pdftex.def Info: images/dupont_femelle.jpg  used on input line 826.
(pdftex.def)             Requested size: 241.84843pt x 201.70027pt.
<images/pin_header.jpg, id=696, 433.62pt x 289.08pt>
File: images/pin_header.jpg Graphic file (type jpg)
<use images/pin_header.jpg>
Package pdftex.def Info: images/pin_header.jpg  used on input line 826.
(pdftex.def)             Requested size: 241.84843pt x 161.23528pt.
 [40 <./images/fritzing.png>]
<images/jst.jpg, id=702, 120.45pt x 120.45pt>
File: images/jst.jpg Graphic file (type jpg)
<use images/jst.jpg>
Package pdftex.def Info: images/jst.jpg  used on input line 849.
(pdftex.def)             Requested size: 241.84843pt x 241.87163pt.
 [41 <./images/dupont_femelle.jpg> <./images/pin_header.jpg> <./images/jst.jpg>
]
<images/wago_levier.jpg, id=709, 797.98125pt x 797.98125pt>
File: images/wago_levier.jpg Graphic file (type jpg)
<use images/wago_levier.jpg>
Package pdftex.def Info: images/wago_levier.jpg  used on input line 903.
(pdftex.def)             Requested size: 241.84843pt x 241.84363pt.
<images/wago_6mm2.jpg, id=710, 471.7625pt x 471.7625pt>
File: images/wago_6mm2.jpg Graphic file (type jpg)
<use images/wago_6mm2.jpg>
Package pdftex.def Info: images/wago_6mm2.jpg  used on input line 903.
(pdftex.def)             Requested size: 241.84843pt x 241.84822pt.


LaTeX Warning: `h' float specifier changed to `ht'.

[42] [43 <./images/wago_levier.jpg> <./images/wago_6mm2.jpg>]
Chapitre 15.
[44

]
Chapitre 16.
<images/nylon_tubing.jpg, id=730, 803.0pt x 803.0pt>
File: images/nylon_tubing.jpg Graphic file (type jpg)
<use images/nylon_tubing.jpg>
Package pdftex.def Info: images/nylon_tubing.jpg  used on input line 966.
(pdftex.def)             Requested size: 241.84843pt x 241.84532pt.
<images/tube_cutter.jpg, id=731, 301.125pt x 301.125pt>
File: images/tube_cutter.jpg Graphic file (type jpg)
<use images/tube_cutter.jpg>
Package pdftex.def Info: images/tube_cutter.jpg  used on input line 966.
(pdftex.def)             Requested size: 241.84843pt x 241.85603pt.
[45

 <./images/nylon_tubing.jpg> <./images/tube_cutter.jpg>]
<images/bulkhead.jpg, id=737, 133.6995pt x 117.13762pt>
File: images/bulkhead.jpg Graphic file (type jpg)
<use images/bulkhead.jpg>
Package pdftex.def Info: images/bulkhead.jpg  used on input line 986.
(pdftex.def)             Requested size: 193.47578pt x 169.52345pt.
<images/pompe.jpg, id=738, 1204.5pt x 1204.5pt>
File: images/pompe.jpg Graphic file (type jpg)
<use images/pompe.jpg>
Package pdftex.def Info: images/pompe.jpg  used on input line 999.
(pdftex.def)             Requested size: 241.84843pt x 241.83307pt.
 [46 <./images/bulkhead.jpg> <./images/pompe.jpg>]
<images/radiateur.jpg, id=745, 501.875pt x 501.875pt>
File: images/radiateur.jpg Graphic file (type jpg)
<use images/radiateur.jpg>
Package pdftex.def Info: images/radiateur.jpg  used on input line 1032.
(pdftex.def)             Requested size: 241.84843pt x 241.8545pt.
 [47 <./images/radiateur.jpg>]
<images/threaded_adaptor.jpg, id=751, 343.2825pt x 349.305pt>
File: images/threaded_adaptor.jpg Graphic file (type jpg)
<use images/threaded_adaptor.jpg>
Package pdftex.def Info: images/threaded_adaptor.jpg  used on input line 1072.
(pdftex.def)             Requested size: 193.47578pt x 196.86732pt.
 [48 <./images/threaded_adaptor.jpg>]
Chapitre 17.
<images/presse_etoupe.jpg, id=758, 106.9596pt x 92.5056pt>
File: images/presse_etoupe.jpg Graphic file (type jpg)
<use images/presse_etoupe.jpg>
Package pdftex.def Info: images/presse_etoupe.jpg  used on input line 1106.
(pdftex.def)             Requested size: 241.84843pt x 209.17737pt.
[49

 <./images/presse_etoupe.jpg>]
Chapitre 18.
[50

] [51

]

Package hyperref Warning: Difference (2) between bookmark levels is greater 
(hyperref)                than one, level fixed on input line 1170.


Package hyperref Warning: Difference (2) between bookmark levels is greater 
(hyperref)                than one, level fixed on input line 1172.

[52]
Overfull \hbox (8.50246pt too wide) in paragraph at lines 1234--1235
[]\T1/lmr/m/n/10.95 un des contacts d'Alexndre Le-vesque chez Schlum : svan-nuf
-fe-len@slb.com 
 []


Overfull \hbox (76.51585pt too wide) in paragraph at lines 1258--1259
[]\T1/lmr/m/n/10.95 Un contact chez Voiles et Voi-liers ( ten-ter de contac-te
r pour pu-blier chez lui) : L.MADELINE@voilesetvoiliers.com 
 []

[53] [54] [55

]

Package hyperref Warning: Difference (2) between bookmark levels is greater 
(hyperref)                than one, level fixed on input line 1275.

Package atveryend Info: Empty hook `BeforeClearDocument' on input line 1298.
[56]
Package atveryend Info: Empty hook `AfterLastShipout' on input line 1298.
 (./REX hydromines.aux)
Package atveryend Info: Executing hook `AtVeryEndDocument' on input line 1298.
Package atveryend Info: Executing hook `AtEndAfterFileList' on input line 1298.



Package rerunfilecheck Warning: File `"REX hydromines".out' has changed.
(rerunfilecheck)                Rerun to get outlines right
(rerunfilecheck)                or use package `bookmark'.

Package rerunfilecheck Info: Checksums for `"REX hydromines".out':
(rerunfilecheck)             Before: 76993E36CC266FF68DCFAEA04E8BEC8E;5911
(rerunfilecheck)             After:  2ACC17EE3429DAD7F4D2D86A0038932D;5826.
Package atveryend Info: Empty hook `AtVeryVeryEnd' on input line 1298.
 ) 
Here is how much of TeX's memory you used:
 8998 strings out of 492982
 135763 string characters out of 6134896
 229401 words of memory out of 5000000
 12186 multiletter control sequences out of 15000+600000
 59736 words of font info for 43 fonts, out of 8000000 for 9000
 1141 hyphenation exceptions out of 8191
 42i,6n,43p,791b,586s stack positions out of 5000i,500n,10000p,200000b,80000s
{/usr/share/texmf/fonts/enc/dvips/lm/lm-ec.enc}{/usr/share/texmf/fonts/enc/dv
ips/lm/lm-mathsy.enc}{/usr/share/texmf/fonts/enc/dvips/lm/lm-rm.enc}{/usr/share
/texmf/fonts/enc/dvips/lm/lm-mathit.enc}</usr/share/texmf/fonts/type1/public/lm
/lmbx10.pfb></usr/share/texmf/fonts/type1/public/lm/lmbx12.pfb></usr/share/texm
f/fonts/type1/public/lm/lmcsc10.pfb></usr/share/texmf/fonts/type1/public/lm/lmm
i10.pfb></usr/share/texmf/fonts/type1/public/lm/lmr10.pfb></usr/share/texmf/fon
ts/type1/public/lm/lmr12.pfb></usr/share/texmf/fonts/type1/public/lm/lmr17.pfb>
</usr/share/texmf/fonts/type1/public/lm/lmri10.pfb></usr/share/texmf/fonts/type
1/public/lm/lmsy10.pfb></usr/share/texmf/fonts/type1/public/lm/lmtt10.pfb>
Output written on "REX hydromines.pdf" (57 pages, 8727515 bytes).
PDF statistics:
 877 PDF objects out of 1000 (max. 8388607)
 750 compressed objects within 8 object streams
 196 named destinations out of 1000 (max. 500000)
 901 words of extra memory for PDF output out of 10000 (max. 10000000)

